c:\users\lisan\documents\repositorios\assd\tp2---sintesis-v2\leandro\x64\debug\additive.obj
c:\users\lisan\documents\repositorios\assd\tp2---sintesis-v2\leandro\x64\debug\main.obj
c:\users\lisan\documents\repositorios\assd\tp2---sintesis-v2\leandro\x64\debug\leandro.obj
c:\users\lisan\documents\repositorios\assd\tp2---sintesis-v2\leandro\x64\debug\channel.obj
c:\users\lisan\documents\repositorios\assd\tp2---sintesis-v2\leandro\x64\debug\midimessage.obj
c:\users\lisan\documents\repositorios\assd\tp2---sintesis-v2\leandro\x64\debug\binasc.obj
c:\users\lisan\documents\repositorios\assd\tp2---sintesis-v2\leandro\x64\debug\midifile.obj
c:\users\lisan\documents\repositorios\assd\tp2---sintesis-v2\leandro\x64\debug\effect.obj
c:\users\lisan\documents\repositorios\assd\tp2---sintesis-v2\leandro\x64\debug\instrument.obj
c:\users\lisan\documents\repositorios\assd\tp2---sintesis-v2\leandro\x64\debug\midievent.obj
c:\users\lisan\documents\repositorios\assd\tp2---sintesis-v2\leandro\x64\debug\options.obj
c:\users\lisan\documents\repositorios\assd\tp2---sintesis-v2\leandro\x64\debug\midieventlist.obj
c:\users\lisan\documents\repositorios\assd\tp2---sintesis-v2\leandro\x64\debug\vc142.pdb
c:\users\lisan\documents\repositorios\assd\tp2---sintesis-v2\leandro\x64\debug\qrc_leandro.obj
c:\users\lisan\documents\repositorios\assd\tp2---sintesis-v2\leandro\x64\debug\moc_leandro.obj
c:\users\lisan\documents\repositorios\assd\tp2---sintesis-v2\leandro\ui_leandro.h
c:\users\lisan\documents\repositorios\assd\tp2---sintesis-v2\leandro\x64\debug\rcc\qrc_leandro.cpp
c:\users\lisan\documents\repositorios\assd\tp2---sintesis-v2\leandro\x64\debug\moc\moc_leandro.cpp
c:\users\lisan\documents\repositorios\assd\tp2---sintesis-v2\leandro\x64\debug\vcpkg.applocal.log
c:\users\lisan\documents\repositorios\assd\tp2---sintesis-v2\leandro\x64\debug\portaudio.dll
c:\users\lisan\documents\repositorios\assd\tp2---sintesis-v2\leandro\x64\debug\leandro.exe
c:\users\lisan\documents\repositorios\assd\tp2---sintesis-v2\leandro\x64\debug\leandro.ilk
c:\users\lisan\documents\repositorios\assd\tp2---sintesis-v2\leandro\x64\debug\leandro.pdb
c:\users\lisan\documents\repositorios\assd\tp2---sintesis-v2\leandro\x64\debug\\moc\moc_leandro.cpp
c:\users\lisan\documents\repositorios\assd\tp2---sintesis-v2\leandro\x64\debug\\rcc\qrc_leandro.cpp
c:\users\lisan\documents\repositorios\assd\tp2---sintesis-v2\leandro\x64\debug\leandro.tlog\cl.command.1.tlog
c:\users\lisan\documents\repositorios\assd\tp2---sintesis-v2\leandro\x64\debug\leandro.tlog\cl.read.1.tlog
c:\users\lisan\documents\repositorios\assd\tp2---sintesis-v2\leandro\x64\debug\leandro.tlog\cl.write.1.tlog
c:\users\lisan\documents\repositorios\assd\tp2---sintesis-v2\leandro\x64\debug\leandro.tlog\leandro.write.1u.tlog
c:\users\lisan\documents\repositorios\assd\tp2---sintesis-v2\leandro\x64\debug\leandro.tlog\link.command.1.tlog
c:\users\lisan\documents\repositorios\assd\tp2---sintesis-v2\leandro\x64\debug\leandro.tlog\link.read.1.tlog
c:\users\lisan\documents\repositorios\assd\tp2---sintesis-v2\leandro\x64\debug\leandro.tlog\link.write.1.tlog
c:\users\lisan\documents\repositorios\assd\tp2---sintesis-v2\leandro\x64\debug\leandro.tlog\moc.read.1u.tlog
c:\users\lisan\documents\repositorios\assd\tp2---sintesis-v2\leandro\x64\debug\leandro.tlog\moc.write.1u.tlog
c:\users\lisan\documents\repositorios\assd\tp2---sintesis-v2\leandro\x64\debug\leandro.tlog\rcc.read.1u.tlog
c:\users\lisan\documents\repositorios\assd\tp2---sintesis-v2\leandro\x64\debug\leandro.tlog\rcc.write.1u.tlog
c:\users\lisan\documents\repositorios\assd\tp2---sintesis-v2\leandro\x64\debug\leandro.tlog\uic.read.1u.tlog
c:\users\lisan\documents\repositorios\assd\tp2---sintesis-v2\leandro\x64\debug\leandro.tlog\uic.write.1u.tlog
